#
# There is insufficient memory for the Java Runtime Environment to continue.
# Native memory allocation (malloc) failed to allocate 1376816 bytes. Error detail: Chunk::new
# Possible reasons:
#   The system is out of physical RAM or swap space
#   This process is running with CompressedOops enabled, and the Java Heap may be blocking the growth of the native heap
# Possible solutions:
#   Reduce memory load on the system
#   Increase physical memory or swap space
#   Check if swap backing store is full
#   Decrease Java heap size (-Xmx/-Xms)
#   Decrease number of Java threads
#   Decrease Java thread stack sizes (-Xss)
#   Set larger code cache with -XX:ReservedCodeCacheSize=
#   JVM is running with Zero Based Compressed Oops mode in which the Java heap is
#     placed in the first 32GB address space. The Java Heap base address is the
#     maximum limit for the native heap growth. Please use -XX:HeapBaseMinAddress
#     to set the Java Heap base and to place the Java Heap above 32GB virtual address.
# This output file may be truncated or incomplete.
#
#  Out of Memory Error (arena.cpp:168), pid=9712, tid=12024
#
# JRE version: OpenJDK Runtime Environment Temurin-21.0.8+9 (21.0.8+9) (build 21.0.8+9-LTS)
# Java VM: OpenJDK 64-Bit Server VM Temurin-21.0.8+9 (21.0.8+9-LTS, mixed mode, sharing, tiered, compressed oops, compressed class ptrs, g1 gc, windows-amd64)
# No core dump will be written. Minidumps are not enabled by default on client versions of Windows
#

---------------  S U M M A R Y ------------

Command Line: -XX:MaxMetaspaceSize=4G -XX:ReservedCodeCacheSize=512m -XX:+HeapDumpOnOutOfMemoryError --add-opens=java.base/java.util=ALL-UNNAMED --add-opens=java.base/java.lang=ALL-UNNAMED --add-opens=java.base/java.lang.invoke=ALL-UNNAMED --add-opens=java.prefs/java.util.prefs=ALL-UNNAMED --add-exports=jdk.compiler/com.sun.tools.javac.api=ALL-UNNAMED --add-exports=jdk.compiler/com.sun.tools.javac.util=ALL-UNNAMED --add-opens=java.base/java.nio.charset=ALL-UNNAMED --add-opens=java.base/java.net=ALL-UNNAMED --add-opens=java.base/java.util.concurrent.atomic=ALL-UNNAMED -Xmx8G -Dfile.encoding=utf8 -Duser.country=US -Duser.language=en -Duser.variant -javaagent:C:\Users\DELL\.gradle\wrapper\dists\gradle-8.10.2-all\7iv73wktx1xtkvlq19urqw1wm\gradle-8.10.2\lib\agents\gradle-instrumentation-agent-8.10.2.jar org.gradle.launcher.daemon.bootstrap.GradleDaemon 8.10.2

Host: 11th Gen Intel(R) Core(TM) i3-1115G4 @ 3.00GHz, 4 cores, 11G,  Windows 11 , 64 bit Build 26100 (10.0.26100.6725)
Time: Sun Nov  9 22:22:13 2025 Sri Lanka Standard Time elapsed time: 239.398181 seconds (0d 0h 3m 59s)

---------------  T H R E A D  ---------------

Current thread (0x000002a37a1fa6b0):  JavaThread "C2 CompilerThread0" daemon [_thread_in_native, id=12024, stack(0x000000bd2b800000,0x000000bd2b900000) (1024K)]


Current CompileTask:
C2:239398 14235       4       org.gradle.internal.snapshot.RegularFileSnapshot::accept (8 bytes)

Stack: [0x000000bd2b800000,0x000000bd2b900000]
Native frames: (J=compiled Java code, j=interpreted, Vv=VM code, C=native code)
V  [jvm.dll+0x6d2449]
V  [jvm.dll+0x8ae341]
V  [jvm.dll+0x8b08be]
V  [jvm.dll+0x8b0fa3]
V  [jvm.dll+0x280c96]
V  [jvm.dll+0xc581d]
V  [jvm.dll+0xc5d53]
V  [jvm.dll+0x3b9162]
V  [jvm.dll+0x385315]
V  [jvm.dll+0x38477a]
V  [jvm.dll+0x248ed0]
V  [jvm.dll+0x2484af]
V  [jvm.dll+0x1c89ee]
V  [jvm.dll+0x257d4d]
V  [jvm.dll+0x2562ea]
V  [jvm.dll+0x3f2d16]
V  [jvm.dll+0x857e6b]
V  [jvm.dll+0x6d0b0d]
C  [ucrtbase.dll+0x37b0]
C  [KERNEL32.DLL+0x2e8d7]
C  [ntdll.dll+0x8c53c]


---------------  P R O C E S S  ---------------

Threads class SMR info:
_java_thread_list=0x000002a374ed2750, length=87, elements={
0x000002a377e753c0, 0x000002a37a1ec7f0, 0x000002a37a1f0280, 0x000002a37a1f32e0,
0x000002a37a1f5470, 0x000002a37a1f7ed0, 0x000002a37a1f9930, 0x000002a37a1fa6b0,
0x000002a37a1ff950, 0x000002a3306fc970, 0x000002a3308710f0, 0x000002a37210e270,
0x000002a373081e90, 0x000002a3734975f0, 0x000002a3734845c0, 0x000002a3737b9050,
0x000002a372d1a4b0, 0x000002a3734aa170, 0x000002a37287b310, 0x000002a3734db7b0,
0x000002a3734dcb60, 0x000002a3734dbe40, 0x000002a3734dd1f0, 0x000002a3734daa90,
0x000002a3734d9d70, 0x000002a3734da400, 0x000002a3734db120, 0x000002a373b02e60,
0x000002a373b02140, 0x000002a373b01ab0, 0x000002a373b034f0, 0x000002a373b04210,
0x000002a373b027d0, 0x000002a373b03b80, 0x000002a373b00d90, 0x000002a373b01420,
0x000002a373ad7920, 0x000002a373ad51c0, 0x000002a373ad7fb0, 0x000002a373ad6c00,
0x000002a373ad6570, 0x000002a373ad4b30, 0x000002a373ad5850, 0x000002a373efea80,
0x000002a373efc320, 0x000002a373efdd60, 0x000002a373efbc90, 0x000002a373eff110,
0x000002a373efc9b0, 0x000002a373f01f00, 0x000002a373f02590, 0x000002a373f011e0,
0x000002a373f01870, 0x000002a373f032b0, 0x000002a373f004c0, 0x000002a373f00b50,
0x000002a375005d80, 0x000002a375004340, 0x000002a375006410, 0x000002a375005060,
0x000002a3750049d0, 0x000002a375003620, 0x000002a3750056f0, 0x000002a375002f90,
0x000002a375006aa0, 0x000002a375009890, 0x000002a375009f20, 0x000002a37500a5b0,
0x000002a375008b70, 0x000002a3825a3b10, 0x000002a3825a41a0, 0x000002a3825a4ec0,
0x000002a3825a4830, 0x000002a3825a1a40, 0x000002a3825a5550, 0x000002a3825a20d0,
0x000002a3825a5be0, 0x000002a3825a2760, 0x000002a3825a6f90, 0x000002a3825a7620,
0x000002a3825a7cb0, 0x000002a3825a8340, 0x000002a375007e50, 0x000002a375007130,
0x000002a3750077c0, 0x000002a3750084e0, 0x000002a373f02c20
}

Java Threads: ( => current thread )
  0x000002a377e753c0 JavaThread "main"                              [_thread_blocked, id=12384, stack(0x000000bd2aa00000,0x000000bd2ab00000) (1024K)]
  0x000002a37a1ec7f0 JavaThread "Reference Handler"          daemon [_thread_blocked, id=14272, stack(0x000000bd2b200000,0x000000bd2b300000) (1024K)]
  0x000002a37a1f0280 JavaThread "Finalizer"                  daemon [_thread_blocked, id=1464, stack(0x000000bd2b300000,0x000000bd2b400000) (1024K)]
  0x000002a37a1f32e0 JavaThread "Signal Dispatcher"          daemon [_thread_blocked, id=984, stack(0x000000bd2b400000,0x000000bd2b500000) (1024K)]
  0x000002a37a1f5470 JavaThread "Attach Listener"            daemon [_thread_blocked, id=388, stack(0x000000bd2b500000,0x000000bd2b600000) (1024K)]
  0x000002a37a1f7ed0 JavaThread "Service Thread"             daemon [_thread_blocked, id=10060, stack(0x000000bd2b600000,0x000000bd2b700000) (1024K)]
  0x000002a37a1f9930 JavaThread "Monitor Deflation Thread"   daemon [_thread_blocked, id=10216, stack(0x000000bd2b700000,0x000000bd2b800000) (1024K)]
=>0x000002a37a1fa6b0 JavaThread "C2 CompilerThread0"         daemon [_thread_in_native, id=12024, stack(0x000000bd2b800000,0x000000bd2b900000) (1024K)]
  0x000002a37a1ff950 JavaThread "C1 CompilerThread0"         daemon [_thread_blocked, id=10904, stack(0x000000bd2b900000,0x000000bd2ba00000) (1024K)]
  0x000002a3306fc970 JavaThread "Common-Cleaner"             daemon [_thread_blocked, id=10780, stack(0x000000bd2ba00000,0x000000bd2bb00000) (1024K)]
  0x000002a3308710f0 JavaThread "Notification Thread"        daemon [_thread_blocked, id=7064, stack(0x000000bd2bc00000,0x000000bd2bd00000) (1024K)]
  0x000002a37210e270 JavaThread "Daemon health stats"               [_thread_blocked, id=1220, stack(0x000000bd2bb00000,0x000000bd2bc00000) (1024K)]
  0x000002a373081e90 JavaThread "Incoming local TCP Connector on port 64111"        [_thread_in_native, id=4860, stack(0x000000bd2c000000,0x000000bd2c100000) (1024K)]
  0x000002a3734975f0 JavaThread "Daemon periodic checks"            [_thread_blocked, id=1228, stack(0x000000bd2c100000,0x000000bd2c200000) (1024K)]
  0x000002a3734845c0 JavaThread "Daemon"                            [_thread_blocked, id=5440, stack(0x000000bd2c200000,0x000000bd2c300000) (1024K)]
  0x000002a3737b9050 JavaThread "Handler for socket connection from /127.0.0.1:64111 to /127.0.0.1:64112"        [_thread_in_native, id=1704, stack(0x000000bd2c300000,0x000000bd2c400000) (1024K)]
  0x000002a372d1a4b0 JavaThread "Cancel handler"                    [_thread_blocked, id=11488, stack(0x000000bd2c400000,0x000000bd2c500000) (1024K)]
  0x000002a3734aa170 JavaThread "Daemon worker"                     [_thread_in_native, id=11328, stack(0x000000bd2c500000,0x000000bd2c600000) (1024K)]
  0x000002a37287b310 JavaThread "Asynchronous log dispatcher for DefaultDaemonConnection: socket connection from /127.0.0.1:64111 to /127.0.0.1:64112"        [_thread_blocked, id=6088, stack(0x000000bd2c600000,0x000000bd2c700000) (1024K)]
  0x000002a3734db7b0 JavaThread "Stdin handler"                     [_thread_blocked, id=10208, stack(0x000000bd2c700000,0x000000bd2c800000) (1024K)]
  0x000002a3734dcb60 JavaThread "Daemon client event forwarder"        [_thread_blocked, id=10776, stack(0x000000bd2c800000,0x000000bd2c900000) (1024K)]
  0x000002a3734dbe40 JavaThread "Cache worker for journal cache (C:\Users\DELL\.gradle\caches\journal-1)"        [_thread_blocked, id=5776, stack(0x000000bd2c900000,0x000000bd2ca00000) (1024K)]
  0x000002a3734dd1f0 JavaThread "File lock request listener"        [_thread_in_native, id=5812, stack(0x000000bd2ca00000,0x000000bd2cb00000) (1024K)]
  0x000002a3734daa90 JavaThread "Cache worker for file hash cache (C:\Users\DELL\.gradle\caches\8.10.2\fileHashes)"        [_thread_blocked, id=7956, stack(0x000000bd2cb00000,0x000000bd2cc00000) (1024K)]
  0x000002a3734d9d70 JavaThread "Cache worker for file hash cache (E:\Flutter\flutterProjects\dice_roll\android\.gradle\8.10.2\fileHashes)"        [_thread_blocked, id=13060, stack(0x000000bd2cc00000,0x000000bd2cd00000) (1024K)]
  0x000002a3734da400 JavaThread "Cache worker for Build Output Cleanup Cache (E:\Flutter\flutterProjects\dice_roll\android\.gradle\buildOutputCleanup)"        [_thread_blocked, id=12664, stack(0x000000bd2cd00000,0x000000bd2ce00000) (1024K)]
  0x000002a3734db120 JavaThread "File watcher server"        daemon [_thread_in_native, id=7508, stack(0x000000bd2ce00000,0x000000bd2cf00000) (1024K)]
  0x000002a373b02e60 JavaThread "File watcher consumer"      daemon [_thread_blocked, id=11872, stack(0x000000bd2cf00000,0x000000bd2d000000) (1024K)]
  0x000002a373b02140 JavaThread "jar transforms"                    [_thread_blocked, id=13668, stack(0x000000bd2d000000,0x000000bd2d100000) (1024K)]
  0x000002a373b01ab0 JavaThread "jar transforms Thread 2"           [_thread_blocked, id=1700, stack(0x000000bd2d100000,0x000000bd2d200000) (1024K)]
  0x000002a373b034f0 JavaThread "jar transforms Thread 3"           [_thread_blocked, id=10596, stack(0x000000bd2d200000,0x000000bd2d300000) (1024K)]
  0x000002a373b04210 JavaThread "Cache worker for checksums cache (E:\Flutter\flutterProjects\dice_roll\android\.gradle\8.10.2\checksums)"        [_thread_blocked, id=3184, stack(0x000000bd2d300000,0x000000bd2d400000) (1024K)]
  0x000002a373b027d0 JavaThread "Cache worker for file content cache (C:\Users\DELL\.gradle\caches\8.10.2\fileContent)"        [_thread_blocked, id=8548, stack(0x000000bd2d400000,0x000000bd2d500000) (1024K)]
  0x000002a373b03b80 JavaThread "Cache worker for cache directory md-rule (C:\Users\DELL\.gradle\caches\8.10.2\md-rule)"        [_thread_blocked, id=8176, stack(0x000000bd2d500000,0x000000bd2d600000) (1024K)]
  0x000002a373b00d90 JavaThread "Cache worker for cache directory md-supplier (C:\Users\DELL\.gradle\caches\8.10.2\md-supplier)"        [_thread_blocked, id=13352, stack(0x000000bd2d600000,0x000000bd2d700000) (1024K)]
  0x000002a373b01420 JavaThread "jar transforms Thread 4"           [_thread_blocked, id=1552, stack(0x000000bd2d700000,0x000000bd2d800000) (1024K)]
  0x000002a373ad7920 JavaThread "Cache worker for Build Output Cleanup Cache (E:\Flutter\flutter_windows_3.29.3-stable\flutter\packages\flutter_tools\gradle\.gradle\buildOutputCleanup)"        [_thread_blocked, id=6392, stack(0x000000bd2a700000,0x000000bd2a800000) (1024K)]
  0x000002a373ad51c0 JavaThread "Unconstrained build operations"        [_thread_blocked, id=9412, stack(0x000000bd2d900000,0x000000bd2da00000) (1024K)]
  0x000002a373ad7fb0 JavaThread "Unconstrained build operations Thread 2"        [_thread_blocked, id=3044, stack(0x000000bd2da00000,0x000000bd2db00000) (1024K)]
  0x000002a373ad6c00 JavaThread "Unconstrained build operations Thread 3"        [_thread_blocked, id=2556, stack(0x000000bd2db00000,0x000000bd2dc00000) (1024K)]
  0x000002a373ad6570 JavaThread "Unconstrained build operations Thread 4"        [_thread_blocked, id=9992, stack(0x000000bd2dc00000,0x000000bd2dd00000) (1024K)]
  0x000002a373ad4b30 JavaThread "Unconstrained build operations Thread 5"        [_thread_blocked, id=2652, stack(0x000000bd2dd00000,0x000000bd2de00000) (1024K)]
  0x000002a373ad5850 JavaThread "Unconstrained build operations Thread 6"        [_thread_blocked, id=1616, stack(0x000000bd2de00000,0x000000bd2df00000) (1024K)]
  0x000002a373efea80 JavaThread "Unconstrained build operations Thread 7"        [_thread_blocked, id=13072, stack(0x000000bd2df00000,0x000000bd2e000000) (1024K)]
  0x000002a373efc320 JavaThread "Unconstrained build operations Thread 8"        [_thread_blocked, id=12892, stack(0x000000bd2e000000,0x000000bd2e100000) (1024K)]
  0x000002a373efdd60 JavaThread "Unconstrained build operations Thread 9"        [_thread_blocked, id=12152, stack(0x000000bd2e100000,0x000000bd2e200000) (1024K)]
  0x000002a373efbc90 JavaThread "Memory manager"                    [_thread_blocked, id=15124, stack(0x000000bd2a900000,0x000000bd2aa00000) (1024K)]
  0x000002a373eff110 JavaThread "build event listener"              [_thread_blocked, id=14564, stack(0x000000bd2e400000,0x000000bd2e500000) (1024K)]
  0x000002a373efc9b0 JavaThread "File lock release action executor"        [_thread_blocked, id=14424, stack(0x000000bd2a800000,0x000000bd2a900000) (1024K)]
  0x000002a373f01f00 JavaThread "Execution worker"                  [_thread_blocked, id=5588, stack(0x000000bd2e600000,0x000000bd2e700000) (1024K)]
  0x000002a373f02590 JavaThread "Execution worker Thread 2"         [_thread_blocked, id=4500, stack(0x000000bd2e700000,0x000000bd2e800000) (1024K)]
  0x000002a373f011e0 JavaThread "Execution worker Thread 3"         [_thread_blocked, id=2404, stack(0x000000bd2e800000,0x000000bd2e900000) (1024K)]
  0x000002a373f01870 JavaThread "Cache worker for execution history cache (E:\Flutter\flutter_windows_3.29.3-stable\flutter\packages\flutter_tools\gradle\.gradle\8.10.2\executionHistory)"        [_thread_blocked, id=6752, stack(0x000000bd2e900000,0x000000bd2ea00000) (1024K)]
  0x000002a373f032b0 JavaThread "Unconstrained build operations Thread 10"        [_thread_blocked, id=13148, stack(0x000000bd2ea00000,0x000000bd2eb00000) (1024K)]
  0x000002a373f004c0 JavaThread "Unconstrained build operations Thread 11"        [_thread_blocked, id=14848, stack(0x000000bd2eb00000,0x000000bd2ec00000) (1024K)]
  0x000002a373f00b50 JavaThread "Unconstrained build operations Thread 12"        [_thread_blocked, id=5760, stack(0x000000bd2ec00000,0x000000bd2ed00000) (1024K)]
  0x000002a375005d80 JavaThread "Unconstrained build operations Thread 13"        [_thread_blocked, id=15112, stack(0x000000bd2ed00000,0x000000bd2ee00000) (1024K)]
  0x000002a375004340 JavaThread "Unconstrained build operations Thread 14"        [_thread_blocked, id=15180, stack(0x000000bd2ee00000,0x000000bd2ef00000) (1024K)]
  0x000002a375006410 JavaThread "Unconstrained build operations Thread 15"        [_thread_blocked, id=14396, stack(0x000000bd2ef00000,0x000000bd2f000000) (1024K)]
  0x000002a375005060 JavaThread "Unconstrained build operations Thread 16"        [_thread_blocked, id=12404, stack(0x000000bd2f000000,0x000000bd2f100000) (1024K)]
  0x000002a3750049d0 JavaThread "Unconstrained build operations Thread 17"        [_thread_blocked, id=2872, stack(0x000000bd2f100000,0x000000bd2f200000) (1024K)]
  0x000002a375003620 JavaThread "Unconstrained build operations Thread 18"        [_thread_blocked, id=4024, stack(0x000000bd2f200000,0x000000bd2f300000) (1024K)]
  0x000002a3750056f0 JavaThread "Unconstrained build operations Thread 19"        [_thread_blocked, id=14764, stack(0x000000bd2f300000,0x000000bd2f400000) (1024K)]
  0x000002a375002f90 JavaThread "Unconstrained build operations Thread 20"        [_thread_blocked, id=3636, stack(0x000000bd2f400000,0x000000bd2f500000) (1024K)]
  0x000002a375006aa0 JavaThread "Unconstrained build operations Thread 21"        [_thread_blocked, id=9640, stack(0x000000bd2f500000,0x000000bd2f600000) (1024K)]
  0x000002a375009890 JavaThread "WorkerExecutor Queue"              [_thread_blocked, id=15332, stack(0x000000bd2f600000,0x000000bd2f700000) (1024K)]
  0x000002a375009f20 JavaThread "RMI Scheduler(0)"           daemon [_thread_blocked, id=8580, stack(0x000000bd2f700000,0x000000bd2f800000) (1024K)]
  0x000002a37500a5b0 JavaThread "RMI TCP Accept-0"           daemon [_thread_in_native, id=12504, stack(0x000000bd2fa00000,0x000000bd2fb00000) (1024K)]
  0x000002a375008b70 JavaThread "RMI TCP Connection(idle)"   daemon [_thread_blocked, id=9024, stack(0x000000bd2fc00000,0x000000bd2fd00000) (1024K)]
  0x000002a3825a3b10 JavaThread "Unconstrained build operations Thread 22"        [_thread_blocked, id=11776, stack(0x000000bd2f800000,0x000000bd2f900000) (1024K)]
  0x000002a3825a41a0 JavaThread "Unconstrained build operations Thread 23"        [_thread_blocked, id=1428, stack(0x000000bd2fd00000,0x000000bd2fe00000) (1024K)]
  0x000002a3825a4ec0 JavaThread "Unconstrained build operations Thread 24"        [_thread_blocked, id=10224, stack(0x000000bd2ff00000,0x000000bd30000000) (1024K)]
  0x000002a3825a4830 JavaThread "Unconstrained build operations Thread 25"        [_thread_blocked, id=13460, stack(0x000000bd30400000,0x000000bd30500000) (1024K)]
  0x000002a3825a1a40 JavaThread "Unconstrained build operations Thread 26"        [_thread_blocked, id=12584, stack(0x000000bd30500000,0x000000bd30600000) (1024K)]
  0x000002a3825a5550 JavaThread "Unconstrained build operations Thread 27"        [_thread_blocked, id=15312, stack(0x000000bd30600000,0x000000bd30700000) (1024K)]
  0x000002a3825a20d0 JavaThread "Unconstrained build operations Thread 28"        [_thread_blocked, id=12632, stack(0x000000bd30300000,0x000000bd30400000) (1024K)]
  0x000002a3825a5be0 JavaThread "Unconstrained build operations Thread 29"        [_thread_blocked, id=11880, stack(0x000000bd30700000,0x000000bd30800000) (1024K)]
  0x000002a3825a2760 JavaThread "Unconstrained build operations Thread 30"        [_thread_blocked, id=2124, stack(0x000000bd30800000,0x000000bd30900000) (1024K)]
  0x000002a3825a6f90 JavaThread "Unconstrained build operations Thread 31"        [_thread_blocked, id=8304, stack(0x000000bd2e200000,0x000000bd2e300000) (1024K)]
  0x000002a3825a7620 JavaThread "Unconstrained build operations Thread 32"        [_thread_blocked, id=12224, stack(0x000000bd2e300000,0x000000bd2e400000) (1024K)]
  0x000002a3825a7cb0 JavaThread "Unconstrained build operations Thread 33"        [_thread_blocked, id=12772, stack(0x000000bd2f900000,0x000000bd2fa00000) (1024K)]
  0x000002a3825a8340 JavaThread "Unconstrained build operations Thread 34"        [_thread_blocked, id=532, stack(0x000000bd2fb00000,0x000000bd2fc00000) (1024K)]
  0x000002a375007e50 JavaThread "Unconstrained build operations Thread 35"        [_thread_blocked, id=10760, stack(0x000000bd30000000,0x000000bd30100000) (1024K)]
  0x000002a375007130 JavaThread "Unconstrained build operations Thread 36"        [_thread_blocked, id=14416, stack(0x000000bd30900000,0x000000bd30a00000) (1024K)]
  0x000002a3750077c0 JavaThread "Unconstrained build operations Thread 37"        [_thread_blocked, id=14372, stack(0x000000bd2e500000,0x000000bd2e600000) (1024K)]
  0x000002a3750084e0 JavaThread "Unconstrained build operations Thread 38"        [_thread_blocked, id=5392, stack(0x000000bd30a00000,0x000000bd30b00000) (1024K)]
  0x000002a373f02c20 JavaThread "Unconstrained build operations Thread 39"        [_thread_blocked, id=12676, stack(0x000000bd30b00000,0x000000bd30c00000) (1024K)]
Total: 87

Other Threads:
  0x000002a37a1cf180 VMThread "VM Thread"                           [id=6536, stack(0x000000bd2b100000,0x000000bd2b200000) (1024K)]
  0x000002a37a1b8fe0 WatcherThread "VM Periodic Task Thread"        [id=13584, stack(0x000000bd2b000000,0x000000bd2b100000) (1024K)]
  0x000002a37a071120 WorkerThread "GC Thread#0"                     [id=13488, stack(0x000000bd2ab00000,0x000000bd2ac00000) (1024K)]
  0x000002a3309005e0 WorkerThread "GC Thread#1"                     [id=11424, stack(0x000000bd2bd00000,0x000000bd2be00000) (1024K)]
  0x000002a3308fabd0 WorkerThread "GC Thread#2"                     [id=10040, stack(0x000000bd2be00000,0x000000bd2bf00000) (1024K)]
  0x000002a3308faf70 WorkerThread "GC Thread#3"                     [id=11920, stack(0x000000bd2bf00000,0x000000bd2c000000) (1024K)]
  0x000002a375bbdfb0 ConcurrentGCThread "G1 Main Marker"            [id=2184, stack(0x000000bd2ac00000,0x000000bd2ad00000) (1024K)]
  0x000002a375bbe9c0 WorkerThread "G1 Conc#0"                       [id=9732, stack(0x000000bd2ad00000,0x000000bd2ae00000) (1024K)]
  0x000002a37a0837c0 ConcurrentGCThread "G1 Refine#0"               [id=10968, stack(0x000000bd2ae00000,0x000000bd2af00000) (1024K)]
  0x000002a37a084df0 ConcurrentGCThread "G1 Service"                [id=5876, stack(0x000000bd2af00000,0x000000bd2b000000) (1024K)]
Total: 10

Threads with active compile tasks:
C2 CompilerThread0  239538 14235       4       org.gradle.internal.snapshot.RegularFileSnapshot::accept (8 bytes)
Total: 1

VM state: not at safepoint (normal execution)

VM Mutex/Monitor currently owned by a thread: None

Heap address: 0x0000000600000000, size: 8192 MB, Compressed Oops mode: Zero based, Oop shift amount: 3

CDS archive(s) mapped at: [0x000002a331000000-0x000002a331c80000-0x000002a331c80000), size 13107200, SharedBaseAddress: 0x000002a331000000, ArchiveRelocationMode: 1.
Compressed class space mapped at: 0x000002a332000000-0x000002a372000000, reserved size: 1073741824
Narrow klass base: 0x000002a331000000, Narrow klass shift: 0, Narrow klass range: 0x100000000

GC Precious Log:
 CardTable entry size: 512
 Card Set container configuration: InlinePtr #cards 4 size 8 Array Of Cards #cards 32 size 80 Howl #buckets 8 coarsen threshold 7372 Howl Bitmap #cards 1024 size 144 coarsen threshold 921 Card regions per heap region 1 cards per card region 8192
 CPUs: 4 total, 4 available
 Memory: 12010M
 Large Page Support: Disabled
 NUMA Support: Disabled
 Compressed Oops: Enabled (Zero based)
 Heap Region Size: 4M
 Heap Min Capacity: 8M
 Heap Initial Capacity: 188M
 Heap Max Capacity: 8G
 Pre-touch: Disabled
 Parallel Workers: 4
 Concurrent Workers: 1
 Concurrent Refinement Workers: 4
 Periodic GC: Disabled

Heap:
 garbage-first heap   total 229376K, used 165077K [0x0000000600000000, 0x0000000800000000)
  region size 4096K, 8 young (32768K), 3 survivors (12288K)
 Metaspace       used 100917K, committed 103424K, reserved 1179648K
  class space    used 14128K, committed 15360K, reserved 1048576K

Heap Regions: E=young(eden), S=young(survivor), O=old, HS=humongous(starts), HC=humongous(continues), CS=collection set, F=free, TAMS=top-at-mark-start, PB=parsable bottom
|   0|0x0000000600000000, 0x0000000600400000, 0x0000000600400000|100%|HS|  |TAMS 0x0000000600000000| PB 0x0000000600000000| Complete 
|   1|0x0000000600400000, 0x0000000600800000, 0x0000000600800000|100%| O|  |TAMS 0x0000000600400000| PB 0x0000000600400000| Untracked 
|   2|0x0000000600800000, 0x0000000600c00000, 0x0000000600c00000|100%| O|  |TAMS 0x0000000600800000| PB 0x0000000600800000| Untracked 
|   3|0x0000000600c00000, 0x0000000601000000, 0x0000000601000000|100%| O|  |TAMS 0x0000000600c00000| PB 0x0000000600c00000| Untracked 
|   4|0x0000000601000000, 0x0000000601400000, 0x0000000601400000|100%| O|  |TAMS 0x0000000601000000| PB 0x0000000601000000| Untracked 
|   5|0x0000000601400000, 0x0000000601800000, 0x0000000601800000|100%| O|  |TAMS 0x0000000601400000| PB 0x0000000601400000| Untracked 
|   6|0x0000000601800000, 0x0000000601c00000, 0x0000000601c00000|100%| O|  |TAMS 0x0000000601800000| PB 0x0000000601800000| Untracked 
|   7|0x0000000601c00000, 0x0000000602000000, 0x0000000602000000|100%| O|  |TAMS 0x0000000601c00000| PB 0x0000000601c00000| Untracked 
|   8|0x0000000602000000, 0x0000000602400000, 0x0000000602400000|100%| O|  |TAMS 0x0000000602000000| PB 0x0000000602000000| Untracked 
|   9|0x0000000602400000, 0x0000000602800000, 0x0000000602800000|100%| O|  |TAMS 0x0000000602400000| PB 0x0000000602400000| Untracked 
|  10|0x0000000602800000, 0x0000000602c00000, 0x0000000602c00000|100%| O|  |TAMS 0x0000000602800000| PB 0x0000000602800000| Untracked 
|  11|0x0000000602c00000, 0x0000000603000000, 0x0000000603000000|100%| O|  |TAMS 0x0000000602c00000| PB 0x0000000602c00000| Untracked 
|  12|0x0000000603000000, 0x0000000603400000, 0x0000000603400000|100%| O|  |TAMS 0x0000000603000000| PB 0x0000000603000000| Untracked 
|  13|0x0000000603400000, 0x0000000603800000, 0x0000000603800000|100%|HS|  |TAMS 0x0000000603400000| PB 0x0000000603400000| Complete 
|  14|0x0000000603800000, 0x0000000603c00000, 0x0000000603c00000|100%| O|  |TAMS 0x0000000603800000| PB 0x0000000603800000| Untracked 
|  15|0x0000000603c00000, 0x0000000604000000, 0x0000000604000000|100%|HS|  |TAMS 0x0000000603c00000| PB 0x0000000603c00000| Complete 
|  16|0x0000000604000000, 0x0000000604400000, 0x0000000604400000|100%| O|  |TAMS 0x0000000604000000| PB 0x0000000604000000| Untracked 
|  17|0x0000000604400000, 0x0000000604800000, 0x0000000604800000|100%| O|  |TAMS 0x0000000604400000| PB 0x0000000604400000| Untracked 
|  18|0x0000000604800000, 0x0000000604c00000, 0x0000000604c00000|100%| O|  |TAMS 0x0000000604800000| PB 0x0000000604800000| Untracked 
|  19|0x0000000604c00000, 0x0000000605000000, 0x0000000605000000|100%| O|  |TAMS 0x0000000604c00000| PB 0x0000000604c00000| Untracked 
|  20|0x0000000605000000, 0x0000000605400000, 0x0000000605400000|100%| O|  |TAMS 0x0000000605000000| PB 0x0000000605000000| Untracked 
|  21|0x0000000605400000, 0x0000000605800000, 0x0000000605800000|100%|HS|  |TAMS 0x0000000605400000| PB 0x0000000605400000| Complete 
|  22|0x0000000605800000, 0x0000000605c00000, 0x0000000605c00000|100%| O|  |TAMS 0x0000000605800000| PB 0x0000000605800000| Untracked 
|  23|0x0000000605c00000, 0x0000000606000000, 0x0000000606000000|100%| O|  |TAMS 0x0000000605c00000| PB 0x0000000605c00000| Untracked 
|  24|0x0000000606000000, 0x0000000606400000, 0x0000000606400000|100%| O|  |TAMS 0x0000000606000000| PB 0x0000000606000000| Untracked 
|  25|0x0000000606400000, 0x0000000606800000, 0x0000000606800000|100%| O|  |TAMS 0x0000000606400000| PB 0x0000000606400000| Untracked 
|  26|0x0000000606800000, 0x0000000606c00000, 0x0000000606c00000|100%|HS|  |TAMS 0x0000000606800000| PB 0x0000000606800000| Complete 
|  27|0x0000000606c00000, 0x0000000607000000, 0x0000000607000000|100%| O|  |TAMS 0x0000000606c00000| PB 0x0000000606c00000| Untracked 
|  28|0x0000000607000000, 0x0000000607400000, 0x0000000607400000|100%| O|  |TAMS 0x0000000607000000| PB 0x0000000607000000| Untracked 
|  29|0x0000000607400000, 0x0000000607800000, 0x0000000607800000|100%| O|  |TAMS 0x0000000607400000| PB 0x0000000607400000| Untracked 
|  30|0x0000000607800000, 0x0000000607c00000, 0x0000000607c00000|100%|HS|  |TAMS 0x0000000607800000| PB 0x0000000607800000| Complete 
|  31|0x0000000607c00000, 0x0000000608000000, 0x0000000608000000|100%| O|  |TAMS 0x0000000607c00000| PB 0x0000000607c00000| Untracked 
|  32|0x0000000608000000, 0x0000000608400000, 0x0000000608400000|100%| O|  |TAMS 0x0000000608000000| PB 0x0000000608000000| Untracked 
|  33|0x0000000608400000, 0x0000000608800000, 0x0000000608800000|100%| S|CS|TAMS 0x0000000608400000| PB 0x0000000608400000| Complete 
|  34|0x0000000608800000, 0x0000000608c00000, 0x0000000608c00000|100%| S|CS|TAMS 0x0000000608800000| PB 0x0000000608800000| Complete 
|  35|0x0000000608c00000, 0x0000000609000000, 0x0000000609000000|100%| S|CS|TAMS 0x0000000608c00000| PB 0x0000000608c00000| Complete 
|  36|0x0000000609000000, 0x0000000609000000, 0x0000000609400000|  0%| F|  |TAMS 0x0000000609000000| PB 0x0000000609000000| Untracked 
|  37|0x0000000609400000, 0x0000000609400000, 0x0000000609800000|  0%| F|  |TAMS 0x0000000609400000| PB 0x0000000609400000| Untracked 
|  38|0x0000000609800000, 0x0000000609800000, 0x0000000609c00000|  0%| F|  |TAMS 0x0000000609800000| PB 0x0000000609800000| Untracked 
|  39|0x0000000609c00000, 0x0000000609c00000, 0x000000060a000000|  0%| F|  |TAMS 0x0000000609c00000| PB 0x0000000609c00000| Untracked 
|  40|0x000000060a000000, 0x000000060a000000, 0x000000060a400000|  0%| F|  |TAMS 0x000000060a000000| PB 0x000000060a000000| Untracked 
|  41|0x000000060a400000, 0x000000060a400000, 0x000000060a800000|  0%| F|  |TAMS 0x000000060a400000| PB 0x000000060a400000| Untracked 
|  42|0x000000060a800000, 0x000000060a800000, 0x000000060ac00000|  0%| F|  |TAMS 0x000000060a800000| PB 0x000000060a800000| Untracked 
|  43|0x000000060ac00000, 0x000000060ac00000, 0x000000060b000000|  0%| F|  |TAMS 0x000000060ac00000| PB 0x000000060ac00000| Untracked 
|  44|0x000000060b000000, 0x000000060b000000, 0x000000060b400000|  0%| F|  |TAMS 0x000000060b000000| PB 0x000000060b000000| Untracked 
|  45|0x000000060b400000, 0x000000060b400000, 0x000000060b800000|  0%| F|  |TAMS 0x000000060b400000| PB 0x000000060b400000| Untracked 
|  46|0x000000060b800000, 0x000000060b800000, 0x000000060bc00000|  0%| F|  |TAMS 0x000000060b800000| PB 0x000000060b800000| Untracked 
|  47|0x000000060bc00000, 0x000000060bc00000, 0x000000060c000000|  0%| F|  |TAMS 0x000000060bc00000| PB 0x000000060bc00000| Untracked 
|  48|0x000000060c000000, 0x000000060c000000, 0x000000060c400000|  0%| F|  |TAMS 0x000000060c000000| PB 0x000000060c000000| Untracked 
|  49|0x000000060c400000, 0x000000060c400000, 0x000000060c800000|  0%| F|  |TAMS 0x000000060c400000| PB 0x000000060c400000| Untracked 
|  50|0x000000060c800000, 0x000000060ca5e890, 0x000000060cc00000| 59%| E|  |TAMS 0x000000060c800000| PB 0x000000060c800000| Complete 
|  51|0x000000060cc00000, 0x000000060d000000, 0x000000060d000000|100%| E|CS|TAMS 0x000000060cc00000| PB 0x000000060cc00000| Complete 
|  52|0x000000060d000000, 0x000000060d400000, 0x000000060d400000|100%| E|CS|TAMS 0x000000060d000000| PB 0x000000060d000000| Complete 
|2045|0x00000007ff400000, 0x00000007ff535500, 0x00000007ff800000| 30%| O|  |TAMS 0x00000007ff400000| PB 0x00000007ff400000| Untracked 
|2046|0x00000007ff800000, 0x00000007ffc00000, 0x00000007ffc00000|100%| E|CS|TAMS 0x00000007ff800000| PB 0x00000007ff800000| Complete 
|2047|0x00000007ffc00000, 0x0000000800000000, 0x0000000800000000|100%| E|CS|TAMS 0x00000007ffc00000| PB 0x00000007ffc00000| Complete 

Card table byte_map: [0x000002a379030000,0x000002a37a030000] _byte_map_base: 0x000002a376030000

Marking Bits: (CMBitMap*) 0x000002a37a071820
 Bits: [0x000002a328640000, 0x000002a330640000)

Polling page: 0x000002a377620000

Metaspace:

Usage:
  Non-class:     84.76 MB used.
      Class:     13.80 MB used.
       Both:     98.55 MB used.

Virtual space:
  Non-class space:      128.00 MB reserved,      86.00 MB ( 67%) committed,  2 nodes.
      Class space:        1.00 GB reserved,      15.00 MB (  1%) committed,  1 nodes.
             Both:        1.12 GB reserved,     101.00 MB (  9%) committed. 

Chunk freelists:
   Non-Class:  9.22 MB
       Class:  994.00 KB
        Both:  10.19 MB

MaxMetaspaceSize: 4.00 GB
CompressedClassSpaceSize: 1.00 GB
Initial GC threshold: 21.00 MB
Current GC threshold: 166.88 MB
CDS: on
 - commit_granule_bytes: 65536.
 - commit_granule_words: 8192.
 - virtual_space_node_default_size: 8388608.
 - enlarge_chunks_in_place: 1.
 - use_allocation_guard: 0.


Internal statistics:

num_allocs_failed_limit: 9.
num_arena_births: 4418.
num_arena_deaths: 0.
num_vsnodes_births: 3.
num_vsnodes_deaths: 0.
num_space_committed: 1616.
num_space_uncommitted: 0.
num_chunks_returned_to_freelist: 9.
num_chunks_taken_from_freelist: 9148.
num_chunk_merges: 6.
num_chunk_splits: 5786.
num_chunks_enlarged: 3461.
num_inconsistent_stats: 0.

CodeHeap 'non-profiled nmethods': size=259264Kb used=7770Kb max_used=7770Kb free=251494Kb
 bounds [0x000002a318910000, 0x000002a3190b0000, 0x000002a328640000]
CodeHeap 'profiled nmethods': size=259264Kb used=21741Kb max_used=21741Kb free=237522Kb
 bounds [0x000002a308640000, 0x000002a309b80000, 0x000002a318370000]
CodeHeap 'non-nmethods': size=5760Kb used=3235Kb max_used=3280Kb free=2524Kb
 bounds [0x000002a318370000, 0x000002a3186b0000, 0x000002a318910000]
CodeCache: size=524288Kb, used=32746Kb, max_used=32791Kb, free=491540Kb
 total_blobs=12585, nmethods=11561, adapters=927, full_count=0
Compilation: enabled, stopped_count=0, restarted_count=0

Compilation events (20 events):
Event: 237.136 Thread 0x000002a37a1fa6b0 nmethod 14234 0x000002a3190a3110 code [0x000002a3190a3460, 0x000002a3190a5578]
Event: 237.136 Thread 0x000002a37a1fa6b0 14235       4       org.gradle.internal.snapshot.RegularFileSnapshot::accept (8 bytes)
Event: 237.159 Thread 0x000002a37a1ff950 14236       3       org.gradle.api.internal.changedetection.state.MetaInfAwareClasspathResourceHasher::filter (23 bytes)
Event: 237.159 Thread 0x000002a37a1ff950 nmethod 14236 0x000002a309b77410 code [0x000002a309b77600, 0x000002a309b77a40]
Event: 237.160 Thread 0x000002a37a1ff950 14237       3       org.gradle.internal.fingerprint.classpath.impl.ClasspathFingerprintingStrategy$ClasspathFingerprintingVisitor$$Lambda/0x000002a332577af8::get (8 bytes)
Event: 237.160 Thread 0x000002a37a1ff950 nmethod 14237 0x000002a309b77c10 code [0x000002a309b77ea0, 0x000002a309b78be0]
Event: 237.160 Thread 0x000002a37a1ff950 14238       3       org.gradle.internal.fingerprint.classpath.impl.ClasspathFingerprintingStrategy$ClasspathFingerprintingVisitor::lambda$hashContent$0 (15 bytes)
Event: 237.161 Thread 0x000002a37a1ff950 nmethod 14238 0x000002a309b79010 code [0x000002a309b79280, 0x000002a309b79f30]
Event: 237.161 Thread 0x000002a37a1ff950 14239       3       org.gradle.api.internal.changedetection.state.MetaInfAwareClasspathResourceHasher::isManifestFile (7 bytes)
Event: 237.161 Thread 0x000002a37a1ff950 nmethod 14239 0x000002a309b7a310 code [0x000002a309b7a4c0, 0x000002a309b7a5f0]
Event: 237.161 Thread 0x000002a37a1ff950 14240       3       org.gradle.api.internal.changedetection.state.PropertiesFileAwareClasspathResourceHasher::hash (6 bytes)
Event: 237.161 Thread 0x000002a37a1ff950 nmethod 14240 0x000002a309b7a690 code [0x000002a309b7a840, 0x000002a309b7a980]
Event: 237.161 Thread 0x000002a37a1ff950 14241       3       org.gradle.api.internal.changedetection.state.PropertiesFileAwareClasspathResourceHasher::filter (11 bytes)
Event: 237.161 Thread 0x000002a37a1ff950 nmethod 14241 0x000002a309b7aa10 code [0x000002a309b7ac80, 0x000002a309b7b7a0]
Event: 237.161 Thread 0x000002a37a1ff950 14243       3       org.gradle.api.internal.changedetection.state.PropertiesFileAwareClasspathResourceHasher::matchesAnyFilters (26 bytes)
Event: 237.162 Thread 0x000002a37a1ff950 nmethod 14243 0x000002a309b7bb90 code [0x000002a309b7be00, 0x000002a309b7c850]
Event: 237.162 Thread 0x000002a37a1ff950 14245       3       org.gradle.api.internal.changedetection.state.RuntimeClasspathResourceHasher::hash (10 bytes)
Event: 237.162 Thread 0x000002a37a1ff950 nmethod 14245 0x000002a309b7cb90 code [0x000002a309b7cd40, 0x000002a309b7ced0]
Event: 237.162 Thread 0x000002a37a1ff950 14244       3       org.gradle.api.internal.changedetection.state.PropertiesFileAwareClasspathResourceHasher$$Lambda/0x000002a33257c898::<init> (10 bytes)
Event: 237.162 Thread 0x000002a37a1ff950 nmethod 14244 0x000002a309b7d010 code [0x000002a309b7d1c0, 0x000002a309b7d380]

GC Heap History (20 events):
Event: 197.454 GC heap before
{Heap before GC invocations=44 (full 0):
 garbage-first heap   total 151552K, used 133464K [0x0000000600000000, 0x0000000800000000)
  region size 4096K, 12 young (49152K), 1 survivors (4096K)
 Metaspace       used 87116K, committed 89472K, reserved 1179648K
  class space    used 12387K, committed 13568K, reserved 1048576K
}
Event: 197.472 GC heap after
{Heap after GC invocations=45 (full 0):
 garbage-first heap   total 159744K, used 105012K [0x0000000600000000, 0x0000000800000000)
  region size 4096K, 2 young (8192K), 2 survivors (8192K)
 Metaspace       used 87116K, committed 89472K, reserved 1179648K
  class space    used 12387K, committed 13568K, reserved 1048576K
}
Event: 199.099 GC heap before
{Heap before GC invocations=45 (full 0):
 garbage-first heap   total 159744K, used 133684K [0x0000000600000000, 0x0000000800000000)
  region size 4096K, 10 young (40960K), 2 survivors (8192K)
 Metaspace       used 89180K, committed 91520K, reserved 1179648K
  class space    used 12641K, committed 13824K, reserved 1048576K
}
Event: 199.104 GC heap after
{Heap after GC invocations=46 (full 0):
 garbage-first heap   total 159744K, used 111441K [0x0000000600000000, 0x0000000800000000)
  region size 4096K, 2 young (8192K), 2 survivors (8192K)
 Metaspace       used 89180K, committed 91520K, reserved 1179648K
  class space    used 12641K, committed 13824K, reserved 1048576K
}
Event: 199.632 GC heap before
{Heap before GC invocations=47 (full 0):
 garbage-first heap   total 192512K, used 136017K [0x0000000600000000, 0x0000000800000000)
  region size 4096K, 8 young (32768K), 2 survivors (8192K)
 Metaspace       used 91536K, committed 93888K, reserved 1179648K
  class space    used 12884K, committed 14016K, reserved 1048576K
}
Event: 199.636 GC heap after
{Heap after GC invocations=48 (full 0):
 garbage-first heap   total 192512K, used 111499K [0x0000000600000000, 0x0000000800000000)
  region size 4096K, 1 young (4096K), 1 survivors (4096K)
 Metaspace       used 91536K, committed 93888K, reserved 1179648K
  class space    used 12884K, committed 14016K, reserved 1048576K
}
Event: 200.702 GC heap before
{Heap before GC invocations=48 (full 0):
 garbage-first heap   total 192512K, used 156555K [0x0000000600000000, 0x0000000800000000)
  region size 4096K, 13 young (53248K), 1 survivors (4096K)
 Metaspace       used 93918K, committed 96320K, reserved 1179648K
  class space    used 13202K, committed 14400K, reserved 1048576K
}
Event: 200.710 GC heap after
{Heap after GC invocations=49 (full 0):
 garbage-first heap   total 192512K, used 113918K [0x0000000600000000, 0x0000000800000000)
  region size 4096K, 2 young (8192K), 2 survivors (8192K)
 Metaspace       used 93918K, committed 96320K, reserved 1179648K
  class space    used 13202K, committed 14400K, reserved 1048576K
}
Event: 202.280 GC heap before
{Heap before GC invocations=49 (full 0):
 garbage-first heap   total 192512K, used 158974K [0x0000000600000000, 0x0000000800000000)
  region size 4096K, 14 young (57344K), 2 survivors (8192K)
 Metaspace       used 97594K, committed 99968K, reserved 1179648K
  class space    used 13682K, committed 14848K, reserved 1048576K
}
Event: 202.287 GC heap after
{Heap after GC invocations=50 (full 0):
 garbage-first heap   total 192512K, used 116900K [0x0000000600000000, 0x0000000800000000)
  region size 4096K, 1 young (4096K), 1 survivors (4096K)
 Metaspace       used 97594K, committed 99968K, reserved 1179648K
  class space    used 13682K, committed 14848K, reserved 1048576K
}
Event: 204.649 GC heap before
{Heap before GC invocations=51 (full 0):
 garbage-first heap   total 200704K, used 174244K [0x0000000600000000, 0x0000000800000000)
  region size 4096K, 14 young (57344K), 1 survivors (4096K)
 Metaspace       used 99459K, committed 101952K, reserved 1179648K
  class space    used 13947K, committed 15168K, reserved 1048576K
}
Event: 204.659 GC heap after
{Heap after GC invocations=52 (full 0):
 garbage-first heap   total 200704K, used 124930K [0x0000000600000000, 0x0000000800000000)
  region size 4096K, 2 young (8192K), 2 survivors (8192K)
 Metaspace       used 99459K, committed 101952K, reserved 1179648K
  class space    used 13947K, committed 15168K, reserved 1048576K
}
Event: 209.877 GC heap before
{Heap before GC invocations=52 (full 0):
 garbage-first heap   total 200704K, used 178178K [0x0000000600000000, 0x0000000800000000)
  region size 4096K, 15 young (61440K), 2 survivors (8192K)
 Metaspace       used 100029K, committed 102528K, reserved 1179648K
  class space    used 13998K, committed 15232K, reserved 1048576K
}
Event: 209.891 GC heap after
{Heap after GC invocations=53 (full 0):
 garbage-first heap   total 200704K, used 128792K [0x0000000600000000, 0x0000000800000000)
  region size 4096K, 2 young (8192K), 2 survivors (8192K)
 Metaspace       used 100029K, committed 102528K, reserved 1179648K
  class space    used 13998K, committed 15232K, reserved 1048576K
}
Event: 212.765 GC heap before
{Heap before GC invocations=53 (full 0):
 garbage-first heap   total 200704K, used 177944K [0x0000000600000000, 0x0000000800000000)
  region size 4096K, 14 young (57344K), 2 survivors (8192K)
 Metaspace       used 100046K, committed 102528K, reserved 1179648K
  class space    used 13998K, committed 15232K, reserved 1048576K
}
Event: 212.777 GC heap after
{Heap after GC invocations=54 (full 0):
 garbage-first heap   total 200704K, used 132604K [0x0000000600000000, 0x0000000800000000)
  region size 4096K, 1 young (4096K), 1 survivors (4096K)
 Metaspace       used 100046K, committed 102528K, reserved 1179648K
  class space    used 13998K, committed 15232K, reserved 1048576K
}
Event: 215.495 GC heap before
{Heap before GC invocations=55 (full 0):
 garbage-first heap   total 225280K, used 173564K [0x0000000600000000, 0x0000000800000000)
  region size 4096K, 12 young (49152K), 1 survivors (4096K)
 Metaspace       used 100048K, committed 102528K, reserved 1179648K
  class space    used 13999K, committed 15232K, reserved 1048576K
}
Event: 215.501 GC heap after
{Heap after GC invocations=56 (full 0):
 garbage-first heap   total 225280K, used 133463K [0x0000000600000000, 0x0000000800000000)
  region size 4096K, 1 young (4096K), 1 survivors (4096K)
 Metaspace       used 100048K, committed 102528K, reserved 1179648K
  class space    used 13999K, committed 15232K, reserved 1048576K
}
Event: 235.578 GC heap before
{Heap before GC invocations=56 (full 0):
 garbage-first heap   total 225280K, used 203095K [0x0000000600000000, 0x0000000800000000)
  region size 4096K, 18 young (73728K), 1 survivors (4096K)
 Metaspace       used 100880K, committed 103360K, reserved 1179648K
  class space    used 14123K, committed 15360K, reserved 1048576K
}
Event: 236.593 GC heap after
{Heap after GC invocations=57 (full 0):
 garbage-first heap   total 229376K, used 148693K [0x0000000600000000, 0x0000000800000000)
  region size 4096K, 3 young (12288K), 3 survivors (12288K)
 Metaspace       used 100880K, committed 103360K, reserved 1179648K
  class space    used 14123K, committed 15360K, reserved 1048576K
}

Dll operation events (17 events):
Event: 0.768 Loaded shared library C:\Users\DELL\AppData\Roaming\Code\User\globalStorage\pleiades.java-extension-pack-jdk\java\21\bin\java.dll
Event: 0.837 Loaded shared library C:\Users\DELL\AppData\Roaming\Code\User\globalStorage\pleiades.java-extension-pack-jdk\java\21\bin\jsvml.dll
Event: 1.041 Loaded shared library C:\Users\DELL\AppData\Roaming\Code\User\globalStorage\pleiades.java-extension-pack-jdk\java\21\bin\zip.dll
Event: 1.108 Loaded shared library C:\Users\DELL\AppData\Roaming\Code\User\globalStorage\pleiades.java-extension-pack-jdk\java\21\bin\instrument.dll
Event: 1.166 Loaded shared library C:\Users\DELL\AppData\Roaming\Code\User\globalStorage\pleiades.java-extension-pack-jdk\java\21\bin\net.dll
Event: 1.305 Loaded shared library C:\Users\DELL\AppData\Roaming\Code\User\globalStorage\pleiades.java-extension-pack-jdk\java\21\bin\nio.dll
Event: 1.309 Loaded shared library C:\Users\DELL\AppData\Roaming\Code\User\globalStorage\pleiades.java-extension-pack-jdk\java\21\bin\zip.dll
Event: 1.896 Loaded shared library C:\Users\DELL\AppData\Roaming\Code\User\globalStorage\pleiades.java-extension-pack-jdk\java\21\bin\jimage.dll
Event: 2.716 Loaded shared library C:\Users\DELL\AppData\Roaming\Code\User\globalStorage\pleiades.java-extension-pack-jdk\java\21\bin\verify.dll
Event: 3.312 Loaded shared library C:\Users\DELL\.gradle\native\c067742578af261105cb4f569cf0c3c89f3d7b1fecec35dd04571415982c5e48\windows-amd64\native-platform.dll
Event: 4.748 Loaded shared library C:\Users\DELL\.gradle\native\100fb08df4bc3b14c8652ba06237920a3bd2aa13389f12d3474272988ae205f9\windows-amd64\native-platform-file-events.dll
Event: 7.046 Loaded shared library C:\Users\DELL\AppData\Roaming\Code\User\globalStorage\pleiades.java-extension-pack-jdk\java\21\bin\management.dll
Event: 7.053 Loaded shared library C:\Users\DELL\AppData\Roaming\Code\User\globalStorage\pleiades.java-extension-pack-jdk\java\21\bin\management_ext.dll
Event: 7.527 Loaded shared library C:\Users\DELL\AppData\Roaming\Code\User\globalStorage\pleiades.java-extension-pack-jdk\java\21\bin\extnet.dll
Event: 7.843 Loaded shared library C:\Users\DELL\AppData\Roaming\Code\User\globalStorage\pleiades.java-extension-pack-jdk\java\21\bin\sunmscapi.dll
Event: 107.861 Loaded shared library C:\Users\DELL\AppData\Local\Temp\native-platform11684871591077725372dir\native-platform.dll
Event: 112.504 Loaded shared library C:\Users\DELL\AppData\Roaming\Code\User\globalStorage\pleiades.java-extension-pack-jdk\java\21\bin\rmi.dll

Deoptimization events (20 events):
Event: 235.313 Thread 0x000002a3734aa170 Uncommon trap: trap_request=0xffffff45 fr.pc=0x000002a318eab87c relative=0x0000000000000b1c
Event: 235.313 Thread 0x000002a3734aa170 Uncommon trap: reason=unstable_if action=reinterpret pc=0x000002a318eab87c method=org.gradle.internal.problems.failure.InternalStackTraceClassifier.isInternal(Ljava/lang/String;)Z @ 51 c2
Event: 235.313 Thread 0x000002a3734aa170 DEOPT PACKING pc=0x000002a318eab87c sp=0x000000bd2c5f34f0
Event: 235.313 Thread 0x000002a3734aa170 DEOPT UNPACKING pc=0x000002a3183c7da2 sp=0x000000bd2c5f33f0 mode 2
Event: 235.313 Thread 0x000002a3734aa170 Uncommon trap: trap_request=0xffffff45 fr.pc=0x000002a318e90550 relative=0x0000000000000850
Event: 235.313 Thread 0x000002a3734aa170 Uncommon trap: reason=unstable_if action=reinterpret pc=0x000002a318e90550 method=org.gradle.internal.problems.failure.InternalStackTraceClassifier.isInternal(Ljava/lang/String;)Z @ 51 c2
Event: 235.313 Thread 0x000002a3734aa170 DEOPT PACKING pc=0x000002a318e90550 sp=0x000000bd2c5f34b0
Event: 235.313 Thread 0x000002a3734aa170 DEOPT UNPACKING pc=0x000002a3183c7da2 sp=0x000000bd2c5f33f0 mode 2
Event: 235.313 Thread 0x000002a3734aa170 Uncommon trap: trap_request=0xffffff45 fr.pc=0x000002a318e8f2f8 relative=0x00000000000008f8
Event: 235.313 Thread 0x000002a3734aa170 Uncommon trap: reason=unstable_if action=reinterpret pc=0x000002a318e8f2f8 method=org.gradle.internal.problems.failure.InternalStackTraceClassifier.isInternal(Ljava/lang/String;)Z @ 51 c2
Event: 235.313 Thread 0x000002a3734aa170 DEOPT PACKING pc=0x000002a318e8f2f8 sp=0x000000bd2c5f3450
Event: 235.313 Thread 0x000002a3734aa170 DEOPT UNPACKING pc=0x000002a3183c7da2 sp=0x000000bd2c5f33f0 mode 2
Event: 235.429 Thread 0x000002a3734aa170 Uncommon trap: trap_request=0xffffffc6 fr.pc=0x000002a31900b810 relative=0x0000000000000410
Event: 235.430 Thread 0x000002a3734aa170 Uncommon trap: reason=bimorphic_or_optimized_type_check action=maybe_recompile pc=0x000002a31900b810 method=org.codehaus.groovy.util.SingleKeyHashMap.get(Ljava/lang/Object;)Ljava/lang/Object; @ 1 c2
Event: 235.430 Thread 0x000002a3734aa170 DEOPT PACKING pc=0x000002a31900b810 sp=0x000000bd2c5f3ee0
Event: 235.430 Thread 0x000002a3734aa170 DEOPT UNPACKING pc=0x000002a3183c7da2 sp=0x000000bd2c5f3e80 mode 2
Event: 235.469 Thread 0x000002a3734aa170 Uncommon trap: trap_request=0xffffffde fr.pc=0x000002a318e7608c relative=0x00000000000000cc
Event: 235.469 Thread 0x000002a3734aa170 Uncommon trap: reason=class_check action=maybe_recompile pc=0x000002a318e7608c method=java.lang.invoke.MethodHandle.setVarargs(Ljava/lang/invoke/MemberName;)Ljava/lang/invoke/MethodHandle; @ 11 c2
Event: 235.469 Thread 0x000002a3734aa170 DEOPT PACKING pc=0x000002a318e7608c sp=0x000000bd2c5f3740
Event: 235.469 Thread 0x000002a3734aa170 DEOPT UNPACKING pc=0x000002a3183c7da2 sp=0x000000bd2c5f36c0 mode 2

Classes loaded (20 events):
Event: 205.426 Loading class java/util/AbstractMapBeanInfo
Event: 205.426 Loading class java/util/AbstractMapBeanInfo done
Event: 205.426 Loading class java/util/AbstractMapCustomizer
Event: 205.426 Loading class java/util/AbstractMapCustomizer done
Event: 205.426 Loading class java/util/AbstractMapCustomizer
Event: 205.426 Loading class java/util/AbstractMapCustomizer done
Event: 205.431 Loading class java/util/HashMapCustomizer
Event: 205.431 Loading class java/util/HashMapCustomizer done
Event: 205.436 Loading class java/util/HashMapCustomizer
Event: 205.436 Loading class java/util/HashMapCustomizer done
Event: 205.446 Loading class java/util/LinkedHashMapCustomizer
Event: 205.446 Loading class java/util/LinkedHashMapCustomizer done
Event: 205.447 Loading class java/util/LinkedHashMapCustomizer
Event: 205.447 Loading class java/util/LinkedHashMapCustomizer done
Event: 235.137 Loading class sun/reflect/annotation/TypeAnnotationParser
Event: 235.138 Loading class sun/reflect/annotation/TypeAnnotationParser done
Event: 235.138 Loading class sun/reflect/annotation/TypeAnnotation
Event: 235.139 Loading class sun/reflect/annotation/TypeAnnotation done
Event: 235.139 Loading class sun/reflect/annotation/TypeAnnotation$TypeAnnotationTarget
Event: 235.139 Loading class sun/reflect/annotation/TypeAnnotation$TypeAnnotationTarget done

Classes unloaded (0 events):
No events

Classes redefined (0 events):
No events

Internal exceptions (20 events):
Event: 235.299 Thread 0x000002a3734aa170 Exception <a 'java/lang/ClassNotFoundException'{0x000000060a7405a0}: org/gradle/api/internal/NamedDomainObjectContainerConfigureDelegateCustomizer> (0x000000060a7405a0) 
thrown [s\src\hotspot\share\classfile\systemDictionary.cpp, line 312]
Event: 235.414 Thread 0x000002a3734aa170 Exception <a 'java/lang/ClassNotFoundException'{0x00000006098cfc30}: com/android/build/gradle/internal/dsl/BuildType$AgpDecorated_DecoratedBeanInfo> (0x00000006098cfc30) 
thrown [s\src\hotspot\share\classfile\systemDictionary.cpp, line 312]
Event: 235.415 Thread 0x000002a3734aa170 Exception <a 'java/lang/ClassNotFoundException'{0x00000006098df540}: com/android/build/gradle/internal/dsl/BuildType$AgpDecoratedBeanInfo> (0x00000006098df540) 
thrown [s\src\hotspot\share\classfile\systemDictionary.cpp, line 312]
Event: 235.416 Thread 0x000002a3734aa170 Exception <a 'java/lang/ClassNotFoundException'{0x00000006098eea30}: com/android/build/gradle/internal/dsl/BuildTypeBeanInfo> (0x00000006098eea30) 
thrown [s\src\hotspot\share\classfile\systemDictionary.cpp, line 312]
Event: 235.416 Thread 0x000002a3734aa170 Exception <a 'java/lang/ClassNotFoundException'{0x00000006098fde30}: com/android/builder/core/AbstractBuildTypeBeanInfo> (0x00000006098fde30) 
thrown [s\src\hotspot\share\classfile\systemDictionary.cpp, line 312]
Event: 235.418 Thread 0x000002a3734aa170 Exception <a 'java/lang/ClassNotFoundException'{0x000000060990d220}: com/android/builder/core/AbstractBuildTypeCustomizer> (0x000000060990d220) 
thrown [s\src\hotspot\share\classfile\systemDictionary.cpp, line 312]
Event: 235.419 Thread 0x000002a3734aa170 Exception <a 'java/lang/ClassNotFoundException'{0x0000000609939310}: com/android/build/gradle/internal/dsl/BuildTypeCustomizer> (0x0000000609939310) 
thrown [s\src\hotspot\share\classfile\systemDictionary.cpp, line 312]
Event: 235.424 Thread 0x000002a3734aa170 Exception <a 'java/lang/ClassNotFoundException'{0x00000006099cef98}: com/android/build/gradle/internal/dsl/BuildType$AgpDecoratedCustomizer> (0x00000006099cef98) 
thrown [s\src\hotspot\share\classfile\systemDictionary.cpp, line 312]
Event: 235.426 Thread 0x000002a3734aa170 Exception <a 'java/lang/ClassNotFoundException'{0x0000000609a25fc0}: com/android/build/gradle/internal/dsl/BuildType$AgpDecorated_DecoratedCustomizer> (0x0000000609a25fc0) 
thrown [s\src\hotspot\share\classfile\systemDictionary.cpp, line 312]
Event: 235.450 Thread 0x000002a3734aa170 Exception <a 'java/lang/NoSuchMethodError'{0x0000000609b78030}: 'void java.lang.invoke.DirectMethodHandle$Holder.invokeVirtual(java.lang.Object, java.lang.Object, int)'> (0x0000000609b78030) 
thrown [s\src\hotspot\share\interpreter\linkResolver.cpp, line 773]
Event: 235.483 Thread 0x000002a3734aa170 Exception <a 'java/lang/ClassNotFoundException'{0x00000006096f9930}: org/gradle/api/internal/artifacts/configurations/DefaultConfigurationContainer_DecoratedBeanInfo> (0x00000006096f9930) 
thrown [s\src\hotspot\share\classfile\systemDictionary.cpp, line 312]
Event: 235.484 Thread 0x000002a3734aa170 Exception <a 'java/lang/ClassNotFoundException'{0x00000006097180e8}: org/gradle/api/internal/artifacts/configurations/DefaultConfigurationContainerBeanInfo> (0x00000006097180e8) 
thrown [s\src\hotspot\share\classfile\systemDictionary.cpp, line 312]
Event: 235.485 Thread 0x000002a3734aa170 Exception <a 'java/lang/ClassNotFoundException'{0x00000006097331a8}: org/gradle/api/internal/AbstractValidatingNamedDomainObjectContainerBeanInfo> (0x00000006097331a8) 
thrown [s\src\hotspot\share\classfile\systemDictionary.cpp, line 312]
Event: 235.486 Thread 0x000002a3734aa170 Exception <a 'java/lang/ClassNotFoundException'{0x000000060974e2b8}: org/gradle/api/internal/AbstractValidatingNamedDomainObjectContainerCustomizer> (0x000000060974e2b8) 
thrown [s\src\hotspot\share\classfile\systemDictionary.cpp, line 312]
Event: 235.487 Thread 0x000002a3734aa170 Exception <a 'java/lang/ClassNotFoundException'{0x0000000609777eb8}: org/gradle/api/internal/artifacts/configurations/DefaultConfigurationContainerCustomizer> (0x0000000609777eb8) 
thrown [s\src\hotspot\share\classfile\systemDictionary.cpp, line 312]
Event: 235.489 Thread 0x000002a3734aa170 Exception <a 'java/lang/ClassNotFoundException'{0x00000006097ddc88}: org/gradle/api/internal/artifacts/configurations/DefaultConfigurationContainer_DecoratedCustomizer> (0x00000006097ddc88) 
thrown [s\src\hotspot\share\classfile\systemDictionary.cpp, line 312]
Event: 235.496 Thread 0x000002a3734aa170 Exception <a 'java/lang/ClassNotFoundException'{0x000000060908b240}: org/gradle/api/internal/artifacts/dsl/dependencies/DefaultDependencyHandler_DecoratedBeanInfo> (0x000000060908b240) 
thrown [s\src\hotspot\share\classfile\systemDictionary.cpp, line 312]
Event: 235.497 Thread 0x000002a3734aa170 Exception <a 'java/lang/ClassNotFoundException'{0x00000006090a96b0}: org/gradle/api/internal/artifacts/dsl/dependencies/DefaultDependencyHandlerBeanInfo> (0x00000006090a96b0) 
thrown [s\src\hotspot\share\classfile\systemDictionary.cpp, line 312]
Event: 235.498 Thread 0x000002a3734aa170 Exception <a 'java/lang/ClassNotFoundException'{0x00000006090c7ae8}: org/gradle/api/internal/artifacts/dsl/dependencies/DefaultDependencyHandlerCustomizer> (0x00000006090c7ae8) 
thrown [s\src\hotspot\share\classfile\systemDictionary.cpp, line 312]
Event: 235.500 Thread 0x000002a3734aa170 Exception <a 'java/lang/ClassNotFoundException'{0x0000000609119668}: org/gradle/api/internal/artifacts/dsl/dependencies/DefaultDependencyHandler_DecoratedCustomizer> (0x0000000609119668) 
thrown [s\src\hotspot\share\classfile\systemDictionary.cpp, line 312]

ZGC Phase Switch (0 events):
No events

VM Operations (20 events):
Event: 213.037 Executing VM operation: G1PauseCleanup
Event: 213.037 Executing VM operation: G1PauseCleanup done
Event: 214.049 Executing VM operation: Cleanup
Event: 214.049 Executing VM operation: Cleanup done
Event: 215.062 Executing VM operation: Cleanup
Event: 215.062 Executing VM operation: Cleanup done
Event: 215.495 Executing VM operation: G1CollectForAllocation (G1 Evacuation Pause)
Event: 215.501 Executing VM operation: G1CollectForAllocation (G1 Evacuation Pause) done
Event: 216.508 Executing VM operation: Cleanup
Event: 216.508 Executing VM operation: Cleanup done
Event: 217.516 Executing VM operation: Cleanup
Event: 217.516 Executing VM operation: Cleanup done
Event: 218.523 Executing VM operation: Cleanup
Event: 218.523 Executing VM operation: Cleanup done
Event: 235.577 Executing VM operation: G1CollectForAllocation (G1 Evacuation Pause)
Event: 236.593 Executing VM operation: G1CollectForAllocation (G1 Evacuation Pause) done
Event: 237.602 Executing VM operation: Cleanup
Event: 238.307 Executing VM operation: Cleanup done
Event: 239.307 Executing VM operation: Cleanup
Event: 239.307 Executing VM operation: Cleanup done

Memory protections (0 events):
No events

Nmethod flushes (20 events):
Event: 212.972 Thread 0x000002a37a1cf180 flushing  nmethod 0x000002a308dd0990
Event: 212.972 Thread 0x000002a37a1cf180 flushing  nmethod 0x000002a308dd3590
Event: 212.972 Thread 0x000002a37a1cf180 flushing  nmethod 0x000002a308e07b90
Event: 212.972 Thread 0x000002a37a1cf180 flushing  nmethod 0x000002a308e22890
Event: 212.972 Thread 0x000002a37a1cf180 flushing  nmethod 0x000002a308e50b10
Event: 212.972 Thread 0x000002a37a1cf180 flushing  nmethod 0x000002a308e54690
Event: 212.972 Thread 0x000002a37a1cf180 flushing  nmethod 0x000002a308f1c890
Event: 212.972 Thread 0x000002a37a1cf180 flushing  nmethod 0x000002a308f21d10
Event: 212.972 Thread 0x000002a37a1cf180 flushing  nmethod 0x000002a309037e10
Event: 212.972 Thread 0x000002a37a1cf180 flushing  nmethod 0x000002a3090d8a90
Event: 212.972 Thread 0x000002a37a1cf180 flushing  nmethod 0x000002a3090da010
Event: 212.972 Thread 0x000002a37a1cf180 flushing osr nmethod 0x000002a309150910
Event: 212.972 Thread 0x000002a37a1cf180 flushing  nmethod 0x000002a3092b9510
Event: 212.972 Thread 0x000002a37a1cf180 flushing  nmethod 0x000002a309377a90
Event: 212.972 Thread 0x000002a37a1cf180 flushing  nmethod 0x000002a3093c8510
Event: 212.972 Thread 0x000002a37a1cf180 flushing  nmethod 0x000002a309403c90
Event: 212.972 Thread 0x000002a37a1cf180 flushing  nmethod 0x000002a309431390
Event: 212.972 Thread 0x000002a37a1cf180 flushing  nmethod 0x000002a309513790
Event: 212.972 Thread 0x000002a37a1cf180 flushing  nmethod 0x000002a309793f90
Event: 212.972 Thread 0x000002a37a1cf180 flushing  nmethod 0x000002a3097bad10

Events (20 events):
Event: 155.919 Thread 0x000002a3734aa170 Thread added: 0x000002a3825a5be0
Event: 155.921 Thread 0x000002a3734aa170 Thread added: 0x000002a3825a2760
Event: 192.858 Thread 0x000002a3825a0d20 Thread exited: 0x000002a3825a0d20
Event: 199.291 Thread 0x000002a375007130 Thread exited: 0x000002a375007130
Event: 199.348 Thread 0x000002a375007e50 Thread exited: 0x000002a375007e50
Event: 204.110 Thread 0x000002a37a1ff950 Thread added: 0x000002a38143d460
Event: 205.111 Thread 0x000002a38143d460 Thread exited: 0x000002a38143d460
Event: 209.827 Thread 0x000002a3734aa170 Thread added: 0x000002a3825a6f90
Event: 209.827 Thread 0x000002a3734aa170 Thread added: 0x000002a3825a7620
Event: 209.827 Thread 0x000002a3734aa170 Thread added: 0x000002a3825a7cb0
Event: 209.896 Thread 0x000002a3734aa170 Thread added: 0x000002a3825a8340
Event: 209.904 Thread 0x000002a3734aa170 Thread added: 0x000002a375007e50
Event: 209.906 Thread 0x000002a3734aa170 Thread added: 0x000002a375007130
Event: 210.687 Thread 0x000002a373f02c20 Thread exited: 0x000002a373f02c20
Event: 211.068 Thread 0x000002a3734aa170 Thread added: 0x000002a3750077c0
Event: 211.068 Thread 0x000002a3734aa170 Thread added: 0x000002a3750084e0
Event: 211.068 Thread 0x000002a3734aa170 Thread added: 0x000002a373f02c20
Event: 211.411 Thread 0x000002a3825a13b0 Thread exited: 0x000002a3825a13b0
Event: 211.411 Thread 0x000002a3825a3480 Thread exited: 0x000002a3825a3480
Event: 211.574 Thread 0x000002a375009200 Thread exited: 0x000002a375009200


Dynamic libraries:
0x00007ff77ad70000 - 0x00007ff77ad7e000 	C:\Users\DELL\AppData\Roaming\Code\User\globalStorage\pleiades.java-extension-pack-jdk\java\21\bin\java.exe
0x00007ffef39e0000 - 0x00007ffef3c48000 	C:\WINDOWS\SYSTEM32\ntdll.dll
0x00007ffef2f90000 - 0x00007ffef3059000 	C:\WINDOWS\System32\KERNEL32.DLL
0x00007ffef0ee0000 - 0x00007ffef12d2000 	C:\WINDOWS\System32\KERNELBASE.dll
0x00007ffeed800000 - 0x00007ffeed89f000 	C:\WINDOWS\SYSTEM32\apphelp.dll
0x00007ffef12e0000 - 0x00007ffef142b000 	C:\WINDOWS\System32\ucrtbase.dll
0x00007ffe98cc0000 - 0x00007ffe98cd8000 	C:\Users\DELL\AppData\Roaming\Code\User\globalStorage\pleiades.java-extension-pack-jdk\java\21\bin\jli.dll
0x00007ffef3730000 - 0x00007ffef38f5000 	C:\WINDOWS\System32\USER32.dll
0x00007ffef0cf0000 - 0x00007ffef0d17000 	C:\WINDOWS\System32\win32u.dll
0x00007ffef2460000 - 0x00007ffef248b000 	C:\WINDOWS\System32\GDI32.dll
0x00007ffe97360000 - 0x00007ffe9737e000 	C:\Users\DELL\AppData\Roaming\Code\User\globalStorage\pleiades.java-extension-pack-jdk\java\21\bin\VCRUNTIME140.dll
0x00007ffef0d20000 - 0x00007ffef0e4d000 	C:\WINDOWS\System32\gdi32full.dll
0x00007ffef1430000 - 0x00007ffef14d3000 	C:\WINDOWS\System32\msvcp_win.dll
0x00007ffedbe20000 - 0x00007ffedc0b3000 	C:\WINDOWS\WinSxS\amd64_microsoft.windows.common-controls_6595b64144ccf1df_6.0.26100.6899_none_3e0efeeae32e88c1\COMCTL32.dll
0x00007ffef2000000 - 0x00007ffef20a9000 	C:\WINDOWS\System32\msvcrt.dll
0x00007ffef2840000 - 0x00007ffef286f000 	C:\WINDOWS\System32\IMM32.DLL
0x00007ffebda90000 - 0x00007ffebda9c000 	C:\Users\DELL\AppData\Roaming\Code\User\globalStorage\pleiades.java-extension-pack-jdk\java\21\bin\vcruntime140_1.dll
0x00007ffe859d0000 - 0x00007ffe85a5d000 	C:\Users\DELL\AppData\Roaming\Code\User\globalStorage\pleiades.java-extension-pack-jdk\java\21\bin\msvcp140.dll
0x00007ffe75c50000 - 0x00007ffe769e7000 	C:\Users\DELL\AppData\Roaming\Code\User\globalStorage\pleiades.java-extension-pack-jdk\java\21\bin\server\jvm.dll
0x00007ffef20b0000 - 0x00007ffef2164000 	C:\WINDOWS\System32\ADVAPI32.dll
0x00007ffef24a0000 - 0x00007ffef2546000 	C:\WINDOWS\System32\sechost.dll
0x00007ffef3210000 - 0x00007ffef3328000 	C:\WINDOWS\System32\RPCRT4.dll
0x00007ffef3330000 - 0x00007ffef33a4000 	C:\WINDOWS\System32\WS2_32.dll
0x00007ffef09d0000 - 0x00007ffef0a2e000 	C:\WINDOWS\SYSTEM32\POWRPROF.dll
0x00007ffee8ac0000 - 0x00007ffee8af5000 	C:\WINDOWS\SYSTEM32\WINMM.dll
0x00007ffee3a10000 - 0x00007ffee3a1b000 	C:\WINDOWS\SYSTEM32\VERSION.dll
0x00007ffef09b0000 - 0x00007ffef09c4000 	C:\WINDOWS\SYSTEM32\UMPDC.dll
0x00007ffeef940000 - 0x00007ffeef95b000 	C:\WINDOWS\SYSTEM32\kernel.appcore.dll
0x00007ffebd020000 - 0x00007ffebd02a000 	C:\Users\DELL\AppData\Roaming\Code\User\globalStorage\pleiades.java-extension-pack-jdk\java\21\bin\jimage.dll
0x00007ffeee090000 - 0x00007ffeee2d2000 	C:\WINDOWS\SYSTEM32\DBGHELP.DLL
0x00007ffef33b0000 - 0x00007ffef372b000 	C:\WINDOWS\System32\combase.dll
0x00007ffef2760000 - 0x00007ffef2837000 	C:\WINDOWS\System32\OLEAUT32.dll
0x00007ffecff60000 - 0x00007ffecff9c000 	C:\WINDOWS\SYSTEM32\dbgcore.DLL
0x00007ffef14e0000 - 0x00007ffef1578000 	C:\WINDOWS\System32\bcryptPrimitives.dll
0x00007ffebcf80000 - 0x00007ffebcf8f000 	C:\Users\DELL\AppData\Roaming\Code\User\globalStorage\pleiades.java-extension-pack-jdk\java\21\bin\instrument.dll
0x00007ffe97340000 - 0x00007ffe9735f000 	C:\Users\DELL\AppData\Roaming\Code\User\globalStorage\pleiades.java-extension-pack-jdk\java\21\bin\java.dll
0x00007ffef18b0000 - 0x00007ffef1ffd000 	C:\WINDOWS\System32\SHELL32.dll
0x00007ffef1580000 - 0x00007ffef16eb000 	C:\WINDOWS\System32\wintypes.dll
0x00007ffeee7e0000 - 0x00007ffeef03d000 	C:\WINDOWS\SYSTEM32\windows.storage.dll
0x00007ffef2d10000 - 0x00007ffef2e02000 	C:\WINDOWS\System32\SHCORE.dll
0x00007ffef1840000 - 0x00007ffef18a2000 	C:\WINDOWS\System32\shlwapi.dll
0x00007ffef0a90000 - 0x00007ffef0ab9000 	C:\WINDOWS\SYSTEM32\profapi.dll
0x00007ffe80620000 - 0x00007ffe806f7000 	C:\Users\DELL\AppData\Roaming\Code\User\globalStorage\pleiades.java-extension-pack-jdk\java\21\bin\jsvml.dll
0x00007ffe97320000 - 0x00007ffe97338000 	C:\Users\DELL\AppData\Roaming\Code\User\globalStorage\pleiades.java-extension-pack-jdk\java\21\bin\zip.dll
0x00007ffebced0000 - 0x00007ffebcee0000 	C:\Users\DELL\AppData\Roaming\Code\User\globalStorage\pleiades.java-extension-pack-jdk\java\21\bin\net.dll
0x00007ffee43b0000 - 0x00007ffee44cf000 	C:\WINDOWS\SYSTEM32\WINHTTP.dll
0x00007ffeefeb0000 - 0x00007ffeeff1b000 	C:\WINDOWS\system32\mswsock.dll
0x00007ffe90aa0000 - 0x00007ffe90ab6000 	C:\Users\DELL\AppData\Roaming\Code\User\globalStorage\pleiades.java-extension-pack-jdk\java\21\bin\nio.dll
0x00007ffebb340000 - 0x00007ffebb350000 	C:\Users\DELL\AppData\Roaming\Code\User\globalStorage\pleiades.java-extension-pack-jdk\java\21\bin\verify.dll
0x00007ffee01e0000 - 0x00007ffee0207000 	C:\Users\DELL\.gradle\native\c067742578af261105cb4f569cf0c3c89f3d7b1fecec35dd04571415982c5e48\windows-amd64\native-platform.dll
0x00007ffe777f0000 - 0x00007ffe77934000 	C:\Users\DELL\.gradle\native\100fb08df4bc3b14c8652ba06237920a3bd2aa13389f12d3474272988ae205f9\windows-amd64\native-platform-file-events.dll
0x00007ffebb270000 - 0x00007ffebb27a000 	C:\Users\DELL\AppData\Roaming\Code\User\globalStorage\pleiades.java-extension-pack-jdk\java\21\bin\management.dll
0x00007ffeb87e0000 - 0x00007ffeb87eb000 	C:\Users\DELL\AppData\Roaming\Code\User\globalStorage\pleiades.java-extension-pack-jdk\java\21\bin\management_ext.dll
0x00007ffef3900000 - 0x00007ffef3908000 	C:\WINDOWS\System32\PSAPI.DLL
0x00007ffef0160000 - 0x00007ffef017b000 	C:\WINDOWS\SYSTEM32\CRYPTSP.dll
0x00007ffeef8a0000 - 0x00007ffeef8db000 	C:\WINDOWS\system32\rsaenh.dll
0x00007ffeeff50000 - 0x00007ffeeff7b000 	C:\WINDOWS\SYSTEM32\USERENV.dll
0x00007ffef0a60000 - 0x00007ffef0a86000 	C:\WINDOWS\SYSTEM32\bcrypt.dll
0x00007ffef0180000 - 0x00007ffef018c000 	C:\WINDOWS\SYSTEM32\CRYPTBASE.dll
0x00007ffeef410000 - 0x00007ffeef444000 	C:\WINDOWS\SYSTEM32\IPHLPAPI.DLL
0x00007ffef2490000 - 0x00007ffef249a000 	C:\WINDOWS\System32\NSI.dll
0x00007ffeb6ae0000 - 0x00007ffeb6ae9000 	C:\Users\DELL\AppData\Roaming\Code\User\globalStorage\pleiades.java-extension-pack-jdk\java\21\bin\extnet.dll
0x00007ffeb6a30000 - 0x00007ffeb6a3e000 	C:\Users\DELL\AppData\Roaming\Code\User\globalStorage\pleiades.java-extension-pack-jdk\java\21\bin\sunmscapi.dll
0x00007ffef0b70000 - 0x00007ffef0ce7000 	C:\WINDOWS\System32\CRYPT32.dll
0x00007ffef0380000 - 0x00007ffef03b0000 	C:\WINDOWS\SYSTEM32\ncrypt.dll
0x00007ffef0330000 - 0x00007ffef036f000 	C:\WINDOWS\SYSTEM32\NTASN1.dll
0x00007ffedc2d0000 - 0x00007ffedc2d8000 	C:\WINDOWS\system32\wshunix.dll
0x00007ffeef450000 - 0x00007ffeef576000 	C:\WINDOWS\SYSTEM32\DNSAPI.dll
0x00007ffee3a70000 - 0x00007ffee3a7b000 	C:\Windows\System32\rasadhlp.dll
0x00007ffeeb0a0000 - 0x00007ffeeb126000 	C:\WINDOWS\System32\fwpuclnt.dll
0x00007ffee22d0000 - 0x00007ffee22e8000 	C:\WINDOWS\system32\napinsp.dll
0x00007ffee22b0000 - 0x00007ffee22c2000 	C:\WINDOWS\System32\winrnr.dll
0x00007ffedffe0000 - 0x00007ffee0008000 	C:\WINDOWS\system32\nlansp_c.dll
0x00007ffec1c60000 - 0x00007ffec1c76000 	C:\WINDOWS\system32\wshbth.dll
0x00007ffee3620000 - 0x00007ffee363e000 	C:\Users\DELL\AppData\Local\Temp\native-platform11684871591077725372dir\native-platform.dll
0x00007ffeeb700000 - 0x00007ffeeb707000 	C:\Users\DELL\AppData\Roaming\Code\User\globalStorage\pleiades.java-extension-pack-jdk\java\21\bin\rmi.dll

JVMTI agents:
C:\Users\DELL\.gradle\wrapper\dists\gradle-8.10.2-all\7iv73wktx1xtkvlq19urqw1wm\gradle-8.10.2\lib\agents\gradle-instrumentation-agent-8.10.2.jar path:C:\Users\DELL\AppData\Roaming\Code\User\globalStorage\pleiades.java-extension-pack-jdk\java\21\bin\instrument.dll, loaded, initialized, instrumentlib options:none

dbghelp: loaded successfully - version: 4.0.5 - missing functions: none
symbol engine: initialized successfully - sym options: 0x614 - pdb path: .;C:\Users\DELL\AppData\Roaming\Code\User\globalStorage\pleiades.java-extension-pack-jdk\java\21\bin;C:\WINDOWS\SYSTEM32;C:\WINDOWS\WinSxS\amd64_microsoft.windows.common-controls_6595b64144ccf1df_6.0.26100.6899_none_3e0efeeae32e88c1;C:\Users\DELL\AppData\Roaming\Code\User\globalStorage\pleiades.java-extension-pack-jdk\java\21\bin\server;C:\Users\DELL\.gradle\native\c067742578af261105cb4f569cf0c3c89f3d7b1fecec35dd04571415982c5e48\windows-amd64;C:\Users\DELL\.gradle\native\100fb08df4bc3b14c8652ba06237920a3bd2aa13389f12d3474272988ae205f9\windows-amd64;C:\Users\DELL\AppData\Local\Temp\native-platform11684871591077725372dir

VM Arguments:
jvm_args: -XX:MaxMetaspaceSize=4G -XX:ReservedCodeCacheSize=512m -XX:+HeapDumpOnOutOfMemoryError --add-opens=java.base/java.util=ALL-UNNAMED --add-opens=java.base/java.lang=ALL-UNNAMED --add-opens=java.base/java.lang.invoke=ALL-UNNAMED --add-opens=java.prefs/java.util.prefs=ALL-UNNAMED --add-exports=jdk.compiler/com.sun.tools.javac.api=ALL-UNNAMED --add-exports=jdk.compiler/com.sun.tools.javac.util=ALL-UNNAMED --add-opens=java.base/java.nio.charset=ALL-UNNAMED --add-opens=java.base/java.net=ALL-UNNAMED --add-opens=java.base/java.util.concurrent.atomic=ALL-UNNAMED -Xmx8G -Dfile.encoding=utf8 -Duser.country=US -Duser.language=en -Duser.variant -javaagent:C:\Users\DELL\.gradle\wrapper\dists\gradle-8.10.2-all\7iv73wktx1xtkvlq19urqw1wm\gradle-8.10.2\lib\agents\gradle-instrumentation-agent-8.10.2.jar 
java_command: org.gradle.launcher.daemon.bootstrap.GradleDaemon 8.10.2
java_class_path (initial): C:\Users\DELL\.gradle\wrapper\dists\gradle-8.10.2-all\7iv73wktx1xtkvlq19urqw1wm\gradle-8.10.2\lib\gradle-daemon-main-8.10.2.jar
Launcher Type: SUN_STANDARD

[Global flags]
     intx CICompilerCount                          = 3                                         {product} {ergonomic}
     uint ConcGCThreads                            = 1                                         {product} {ergonomic}
     uint G1ConcRefinementThreads                  = 4                                         {product} {ergonomic}
   size_t G1HeapRegionSize                         = 4194304                                   {product} {ergonomic}
    uintx GCDrainStackTargetSize                   = 64                                        {product} {ergonomic}
     bool HeapDumpOnOutOfMemoryError               = true                                   {manageable} {command line}
   size_t InitialHeapSize                          = 197132288                                 {product} {ergonomic}
   size_t MarkStackSize                            = 4194304                                   {product} {ergonomic}
   size_t MaxHeapSize                              = 8589934592                                {product} {command line}
   size_t MaxMetaspaceSize                         = 4294967296                                {product} {command line}
   size_t MaxNewSize                               = 5150605312                                {product} {ergonomic}
   size_t MinHeapDeltaBytes                        = 4194304                                   {product} {ergonomic}
   size_t MinHeapSize                              = 8388608                                   {product} {ergonomic}
    uintx NonNMethodCodeHeapSize                   = 5832780                                {pd product} {ergonomic}
    uintx NonProfiledCodeHeapSize                  = 265519066                              {pd product} {ergonomic}
    uintx ProfiledCodeHeapSize                     = 265519066                              {pd product} {ergonomic}
    uintx ReservedCodeCacheSize                    = 536870912                              {pd product} {command line}
     bool SegmentedCodeCache                       = true                                      {product} {ergonomic}
   size_t SoftMaxHeapSize                          = 8589934592                             {manageable} {ergonomic}
     bool UseCompressedOops                        = true                           {product lp64_product} {ergonomic}
     bool UseG1GC                                  = true                                      {product} {ergonomic}
     bool UseLargePagesIndividualAllocation        = false                                  {pd product} {ergonomic}

Logging:
Log output configuration:
 #0: stdout all=warning uptime,level,tags foldmultilines=false
 #1: stderr all=off uptime,level,tags foldmultilines=false

Environment Variables:
PATH=C:\Program Files\Common Files\Oracle\Java\javapath;C:\Program Files (x86)\Common Files\Oracle\Java\java8path;C:\Program Files (x86)\Common Files\Oracle\Java\javapath;C:\WINDOWS\system32;C:\WINDOWS;C:\WINDOWS\System32\Wbem;C:\WINDOWS\System32\WindowsPowerShell\v1.0\;C:\WINDOWS\System32\OpenSSH\;C:\xampp\mysql\bin;C:\Program Files\dotnet\;C:\Program Files\Git\cmd;C:\Program Files\nodejs\;C:\Program Files (x86)\Windows Kits\10\Windows Performance Toolkit\;C:\Users\DELL\AppData\Local\Programs\Python\Launcher\;C:\Users\DELL\AppData\Local\Microsoft\WindowsApps;C:\Users\DELL\AppData\Local\Programs\Microsoft VS Code\bin;C:\Users\DELL\AppData\Roaming\npm;E:\Flutter\flutter_windows_3.29.3-stable\flutter\bin;C:\src\flutter\bin;C:\Android\cmdline-tools\latest\bin;C:\Android\platform-tools;C:\Android\build-tools\35.0.0;C:\iverilog\bin;C:\iverilog\gtkwave\bin;
USERNAME=DELL
OS=Windows_NT
PROCESSOR_IDENTIFIER=Intel64 Family 6 Model 140 Stepping 1, GenuineIntel
TMP=C:\Users\DELL\AppData\Local\Temp
TEMP=C:\Users\DELL\AppData\Local\Temp




Periodic native trim disabled

---------------  S Y S T E M  ---------------

OS:
 Windows 11 , 64 bit Build 26100 (10.0.26100.6725)
OS uptime: 5 days 10:51 hours

CPU: total 4 (initial active 4) (2 cores per cpu, 2 threads per core) family 6 model 140 stepping 1 microcode 0xbc, cx8, cmov, fxsr, ht, mmx, 3dnowpref, sse, sse2, sse3, ssse3, sse4.1, sse4.2, popcnt, lzcnt, tsc, tscinvbit, avx, avx2, aes, erms, clmul, bmi1, bmi2, adx, avx512f, avx512dq, avx512cd, avx512bw, avx512vl, sha, fma, vzeroupper, avx512_vpopcntdq, avx512_vpclmulqdq, avx512_vaes, avx512_vnni, clflush, clflushopt, clwb, avx512_vbmi2, avx512_vbmi, rdtscp, rdpid, fsrm, gfni, avx512_bitalg, f16c, pku, cet_ibt, cet_ss, avx512_ifma
Processor Information for the first 4 processors :
  Max Mhz: 2995, Current Mhz: 2995, Mhz Limit: 2995

Memory: 4k page, system-wide physical 12010M (810M free)
TotalPageFile size 16106M (AvailPageFile size 4M)
current process WorkingSet (physical memory assigned to process): 464M, peak: 464M
current process commit charge ("private bytes"): 534M, peak: 535M

vm_info: OpenJDK 64-Bit Server VM (21.0.8+9-LTS) for windows-amd64 JRE (21.0.8+9-LTS), built on 2025-07-15T00:00:00Z by "admin" with MS VC++ 17.7 (VS2022)

END.
